0 info it worked if it ends with ok
1 verbose cli [ '/usr/local/Cellar/node/6.7.0/bin/node',
1 verbose cli   '/usr/local/bin/npm',
1 verbose cli   'publish' ]
2 info using npm@3.10.7
3 info using node@v6.7.0
4 verbose publish [ '.' ]
5 silly cache add args [ '.', null ]
6 verbose cache add spec .
7 silly cache add parsed spec Result {
7 silly cache add   raw: '.',
7 silly cache add   scope: null,
7 silly cache add   escapedName: null,
7 silly cache add   name: null,
7 silly cache add   rawSpec: '.',
7 silly cache add   spec: '/Users/zacharysmith/work/pattern-lab-buildit/source/css',
7 silly cache add   type: 'directory' }
8 verbose addLocalDirectory /Users/zacharysmith/.npm/css/1.0.0/package.tgz not in flight; packing
9 verbose correctMkdir /Users/zacharysmith/.npm correctMkdir not in flight; initializing
10 info lifecycle css@1.0.0~prepublish: css@1.0.0
11 silly lifecycle css@1.0.0~prepublish: no script for prepublish, continuing
12 verbose tar pack [ '/Users/zacharysmith/.npm/css/1.0.0/package.tgz',
12 verbose tar pack   '/Users/zacharysmith/work/pattern-lab-buildit/source/css' ]
13 verbose tarball /Users/zacharysmith/.npm/css/1.0.0/package.tgz
14 verbose folder /Users/zacharysmith/work/pattern-lab-buildit/source/css
15 verbose addLocalTarball adding from inside cache /Users/zacharysmith/.npm/css/1.0.0/package.tgz
16 verbose correctMkdir /Users/zacharysmith/.npm correctMkdir not in flight; initializing
17 silly cache afterAdd css@1.0.0
18 verbose afterAdd /Users/zacharysmith/.npm/css/1.0.0/package/package.json not in flight; writing
19 verbose correctMkdir /Users/zacharysmith/.npm correctMkdir not in flight; initializing
20 verbose afterAdd /Users/zacharysmith/.npm/css/1.0.0/package/package.json written
21 silly publish { name: 'css',
21 silly publish   version: '1.0.0',
21 silly publish   description: '',
21 silly publish   main: 'index.js',
21 silly publish   scripts: { test: 'echo "Error: no test specified" && exit 1' },
21 silly publish   author: { name: 'Jimbo' },
21 silly publish   license: 'ISC',
21 silly publish   readme: 'ERROR: No README data found!',
21 silly publish   _id: 'css@1.0.0',
21 silly publish   _shasum: '1e1ca88010f936b94c331ec1280890df5b0ceeeb',
21 silly publish   _from: '.' }
22 verbose getPublishConfig undefined
23 silly mapToRegistry name css
24 silly mapToRegistry using default registry
25 silly mapToRegistry registry https://registry.npmjs.org/
26 silly mapToRegistry data Result {
26 silly mapToRegistry   raw: 'css',
26 silly mapToRegistry   scope: null,
26 silly mapToRegistry   escapedName: 'css',
26 silly mapToRegistry   name: 'css',
26 silly mapToRegistry   rawSpec: '',
26 silly mapToRegistry   spec: 'latest',
26 silly mapToRegistry   type: 'tag' }
27 silly mapToRegistry uri https://registry.npmjs.org/css
28 verbose publish registryBase https://registry.npmjs.org/
29 silly publish uploading /Users/zacharysmith/.npm/css/1.0.0/package.tgz
30 verbose request uri https://registry.npmjs.org/css
31 verbose request sending authorization for write operation
32 info attempt registry request try #1 at 4:28:57 PM
33 verbose request using bearer token for auth
34 verbose request id f708db4898cf552e
35 http request PUT https://registry.npmjs.org/css
36 http 403 https://registry.npmjs.org/css
37 verbose headers { 'content-type': 'application/json',
37 verbose headers   'cache-control': 'max-age=300',
37 verbose headers   'content-length': '97',
37 verbose headers   'accept-ranges': 'bytes',
37 verbose headers   date: 'Tue, 07 Mar 2017 21:28:58 GMT',
37 verbose headers   via: '1.1 varnish',
37 verbose headers   connection: 'keep-alive',
37 verbose headers   'x-served-by': 'cache-jfk8131-JFK',
37 verbose headers   'x-cache': 'MISS',
37 verbose headers   'x-cache-hits': '0',
37 verbose headers   'x-timer': 'S1488922137.699913,VS0,VE325',
37 verbose headers   vary: 'Accept-Encoding' }
38 verbose request invalidating /Users/zacharysmith/.npm/registry.npmjs.org/css on PUT
39 error publish Failed PUT 403
40 verbose stack Error: you do not have permission to publish "css". Are you logged in as the correct user? : css
40 verbose stack     at makeError (/usr/local/lib/node_modules/npm/node_modules/npm-registry-client/lib/request.js:264:12)
40 verbose stack     at CachingRegistryClient.<anonymous> (/usr/local/lib/node_modules/npm/node_modules/npm-registry-client/lib/request.js:252:14)
40 verbose stack     at Request._callback (/usr/local/lib/node_modules/npm/node_modules/npm-registry-client/lib/request.js:172:14)
40 verbose stack     at Request.self.callback (/usr/local/lib/node_modules/npm/node_modules/request/request.js:187:22)
40 verbose stack     at emitTwo (events.js:106:13)
40 verbose stack     at Request.emit (events.js:191:7)
40 verbose stack     at Request.<anonymous> (/usr/local/lib/node_modules/npm/node_modules/request/request.js:1044:10)
40 verbose stack     at emitOne (events.js:96:13)
40 verbose stack     at Request.emit (events.js:188:7)
40 verbose stack     at IncomingMessage.<anonymous> (/usr/local/lib/node_modules/npm/node_modules/request/request.js:965:12)
41 verbose statusCode 403
42 verbose pkgid css
43 verbose cwd /Users/zacharysmith/work/pattern-lab-buildit/source/css
44 error Darwin 16.4.0
45 error argv "/usr/local/Cellar/node/6.7.0/bin/node" "/usr/local/bin/npm" "publish"
46 error node v6.7.0
47 error npm  v3.10.7
48 error code E403
49 error you do not have permission to publish "css". Are you logged in as the correct user? : css
50 error If you need help, you may report this error at:
50 error     <https://github.com/npm/npm/issues>
51 verbose exit [ 1, true ]
